GROUP,PACKAGE,CLASS,INSTRUCTION_MISSED,INSTRUCTION_COVERED,BRANCH_MISSED,BRANCH_COVERED,LINE_MISSED,LINE_COVERED,COMPLEXITY_MISSED,COMPLEXITY_COVERED,METHOD_MISSED,METHOD_COVERED
1dv609_a1_p2,default,Player,0,22,0,0,0,8,0,4,0,4
1dv609_a1_p2,default,Game,0,113,0,4,0,32,0,8,0,6
1dv609_a1_p2,default,WinSorting.new TypeToken() {...},0,3,0,0,0,1,0,1,0,1
1dv609_a1_p2,default,Dice,3,23,0,2,1,6,1,3,1,2
1dv609_a1_p2,default,ScoreBoard,0,21,0,4,0,6,0,4,0,2
1dv609_a1_p2,default,WinSorting,0,203,1,11,0,46,1,14,0,9
